<?xml version="1.0" encoding="UTF-8"?>
<testng-results ignored="0" total="1" passed="1" failed="0" skipped="0">
  <reporter-output>
  </reporter-output>
  <suite started-at="2024-05-17T12:44:52 IST" name="Default suite" finished-at="2024-05-17T12:45:18 IST" duration-ms="25505">
    <groups>
    </groups>
    <test started-at="2024-05-17T12:44:52 IST" name="Default test" finished-at="2024-05-17T12:45:18 IST" duration-ms="25505">
      <class name="com.Vtiger.ContactTest.CreateContactTest">
        <test-method is-config="true" signature="databaseConnectivity()[pri:0, instance:com.Vtiger.ContactTest.CreateContactTest@1573f9fc]" started-at="2024-05-17T12:44:49 IST" name="databaseConnectivity" finished-at="2024-05-17T12:44:52 IST" duration-ms="2817" status="PASS">
          <reporter-output>
          </reporter-output>
        </test-method> <!-- databaseConnectivity -->
        <test-method is-config="true" signature="launchTheBrowser()[pri:0, instance:com.Vtiger.ContactTest.CreateContactTest@1573f9fc]" started-at="2024-05-17T12:44:52 IST" name="launchTheBrowser" finished-at="2024-05-17T12:44:56 IST" duration-ms="4227" status="PASS">
          <reporter-output>
          </reporter-output>
        </test-method> <!-- launchTheBrowser -->
        <test-method is-config="true" signature="toLogin()[pri:0, instance:com.Vtiger.ContactTest.CreateContactTest@1573f9fc]" started-at="2024-05-17T12:44:57 IST" name="toLogin" finished-at="2024-05-17T12:45:02 IST" duration-ms="5175" status="PASS">
          <reporter-output>
          </reporter-output>
        </test-method> <!-- toLogin -->
        <test-method signature="toCreateContact()[pri:0, instance:com.Vtiger.ContactTest.CreateContactTest@1573f9fc]" started-at="2024-05-17T12:45:02 IST" name="toCreateContact" finished-at="2024-05-17T12:45:15 IST" duration-ms="13528" status="PASS">
          <reporter-output>
          </reporter-output>
        </test-method> <!-- toCreateContact -->
        <test-method is-config="true" signature="toLogout()[pri:0, instance:com.Vtiger.ContactTest.CreateContactTest@1573f9fc]" started-at="2024-05-17T12:45:15 IST" name="toLogout" finished-at="2024-05-17T12:45:17 IST" duration-ms="2221" status="PASS">
          <reporter-output>
          </reporter-output>
        </test-method> <!-- toLogout -->
        <test-method is-config="true" signature="toCloseBrowser()[pri:0, instance:com.Vtiger.ContactTest.CreateContactTest@1573f9fc]" started-at="2024-05-17T12:45:17 IST" name="toCloseBrowser" finished-at="2024-05-17T12:45:18 IST" duration-ms="296" status="PASS">
          <reporter-output>
          </reporter-output>
        </test-method> <!-- toCloseBrowser -->
        <test-method is-config="true" signature="closeDatabaseConnectivity()[pri:0, instance:com.Vtiger.ContactTest.CreateContactTest@1573f9fc]" started-at="2024-05-17T12:45:18 IST" name="closeDatabaseConnectivity" finished-at="2024-05-17T12:45:18 IST" duration-ms="2" status="PASS">
          <reporter-output>
          </reporter-output>
        </test-method> <!-- closeDatabaseConnectivity -->
      </class> <!-- com.Vtiger.ContactTest.CreateContactTest -->
    </test> <!-- Default test -->
  </suite> <!-- Default suite -->
</testng-results>
