<?xml version="1.0" encoding="UTF-8"?>
<!-- Generated by org.testng.reporters.JUnitXMLReporter -->
<testsuite ignored="2" hostname="RajaBalaji" failures="0" tests="2" name="TestRunner=edge" time="29.681" errors="0" timestamp="2024-05-13T18:14:16 IST">
  <testcase classname="com.Vtiger.ContactTest.CreateContactTest" name="toCreateContact" time="15.074"/>
  <testcase classname="com.Vtiger.OrganizationTest.CreateOrganizationWithPhoneNumber" name="toCreateOrganizationWithPhone" time="20.091"/>
  <testcase classname="com.vtiger.baseClassutility.BaseClass" name="@BeforeSuite databaseConnectivity" time="0.0">
    <ignored/>
  </testcase> <!-- @BeforeSuite databaseConnectivity -->
  <testcase classname="com.vtiger.baseClassutility.BaseClass" name="@AfterSuite closeDatabaseConnectivity" time="0.0">
    <ignored/>
  </testcase> <!-- @AfterSuite closeDatabaseConnectivity -->
</testsuite> <!-- TestRunner=edge -->
