<?xml version="1.0" encoding="UTF-8"?>
<!-- Generated by org.testng.reporters.JUnitXMLReporter -->
<testsuite ignored="4" hostname="RajaBalaji" failures="0" tests="3" name="TestRunner-2" time="64.788" errors="0" timestamp="2024-05-14T10:03:50 IST">
  <testcase classname="com.Vtiger.OrganizationTest.CreateOrganizationWithIndustryTypeDropDown" name="toCreateContactWithIndustry" time="15.255"/>
  <testcase classname="com.Vtiger.OrganizationTest.CreateOrganizationTest" name="toCreateOrganization" time="11.888"/>
  <testcase classname="com.Vtiger.OrganizationTest.CreateOrganizationWithPhoneNumber" name="toCreateOrganizationWithPhone" time="11.599"/>
  <testcase classname="com.vtiger.baseClassutility.BaseClass" name="@BeforeSuite databaseConnectivity" time="0.0">
    <ignored/>
  </testcase> <!-- @BeforeSuite databaseConnectivity -->
  <testcase classname="com.vtiger.baseClassutility.BaseClass" name="@AfterSuite closeDatabaseConnectivity" time="0.0">
    <ignored/>
  </testcase> <!-- @AfterSuite closeDatabaseConnectivity -->
  <testcase classname="com.vtiger.baseClassutility.BaseClass" name="@BeforeSuite databaseConnectivity" time="0.0">
    <ignored/>
  </testcase> <!-- @BeforeSuite databaseConnectivity -->
  <testcase classname="com.vtiger.baseClassutility.BaseClass" name="@AfterSuite closeDatabaseConnectivity" time="0.0">
    <ignored/>
  </testcase> <!-- @AfterSuite closeDatabaseConnectivity -->
</testsuite> <!-- TestRunner-2 -->
