<?xml version="1.0" encoding="UTF-8"?>
<!-- Generated by org.testng.reporters.JUnitXMLReporter -->
<testsuite ignored="0" hostname="RajaBalaji" failures="1" tests="1" name="Test" time="12.511" errors="0" timestamp="2024-05-17T11:02:43 IST">
  <testcase classname="com.Vtiger.ContactTest.CreateContactTest" name="toCreateContact" time="0.033">
    <failure type="java.lang.NullPointerException" message="Cannot invoke &amp;quot;com.aventstack.extentreports.ExtentTest.log(com.aventstack.extentreports.Status, String)&amp;quot; because &amp;quot;this.test&amp;quot; is null">
      <![CDATA[java.lang.NullPointerException: Cannot invoke "com.aventstack.extentreports.ExtentTest.log(com.aventstack.extentreports.Status, String)" because "this.test" is null
at com.Vtiger.ContactTest.CreateContactTest.toCreateContact(CreateContactTest.java:43)
at java.base/java.util.ArrayList.forEach(ArrayList.java:1511)
... Removed 27 stack frames]]>
    </failure>
  </testcase> <!-- toCreateContact -->
</testsuite> <!-- Test -->
