<?xml version="1.0" encoding="UTF-8"?>
<!-- Generated by org.testng.reporters.JUnitXMLReporter -->
<testsuite ignored="6" hostname="RajaBalaji" failures="0" tests="4" name="TestRunner-Chrome" time="59.135" errors="0" timestamp="2024-05-13T18:13:47 IST">
  <testcase classname="com.Vtiger.ContactTest.CreateContactWithSupportDate" name="toCreateContactWithSupportDate" time="21.855"/>
  <testcase classname="com.Vtiger.OrganizationTest.CreateOrganizationTest" name="toCreateOrganization" time="24.342"/>
  <testcase classname="com.Vtiger.OrganizationTest.CreateOrganizationWithIndustryTypeDropDown" name="toCreateContactWithIndustry" time="27.024"/>
  <testcase classname="com.Vtiger.ContactTest.CreateContactWithOrganizationTest" name="toCreateContactWithOrganization" time="14.77"/>
  <testcase classname="com.vtiger.baseClassutility.BaseClass" name="@AfterSuite closeDatabaseConnectivity" time="0.0">
    <ignored/>
  </testcase> <!-- @AfterSuite closeDatabaseConnectivity -->
  <testcase classname="com.vtiger.baseClassutility.BaseClass" name="@BeforeSuite databaseConnectivity" time="0.0">
    <ignored/>
  </testcase> <!-- @BeforeSuite databaseConnectivity -->
  <testcase classname="com.vtiger.baseClassutility.BaseClass" name="@BeforeSuite databaseConnectivity" time="0.0">
    <ignored/>
  </testcase> <!-- @BeforeSuite databaseConnectivity -->
  <testcase classname="com.vtiger.baseClassutility.BaseClass" name="@AfterSuite closeDatabaseConnectivity" time="0.0">
    <ignored/>
  </testcase> <!-- @AfterSuite closeDatabaseConnectivity -->
  <testcase classname="com.vtiger.baseClassutility.BaseClass" name="@AfterSuite closeDatabaseConnectivity" time="0.0">
    <ignored/>
  </testcase> <!-- @AfterSuite closeDatabaseConnectivity -->
  <testcase classname="com.vtiger.baseClassutility.BaseClass" name="@BeforeSuite databaseConnectivity" time="0.0">
    <ignored/>
  </testcase> <!-- @BeforeSuite databaseConnectivity -->
</testsuite> <!-- TestRunner-Chrome -->
